<?xml version="1.0" encoding="UTF-8"?>
<!-- Generated by org.testng.reporters.JUnitXMLReporter -->
<testsuite ignored="0" hostname="DESKTOP-7JM9SNF" failures="0" tests="4" name="Test" time="17.154" errors="0" timestamp="2021-09-08T17:52:20 PKT">
  <testcase classname="com.login.LoginScenarios" name="LoginEmptyTest" time="3.933"/>
  <testcase classname="com.login.LoginScenarios" name="LoginTest" time="2.831"/>
  <testcase classname="com.login.LoginScenarios" name="LogoutTest" time="7.142"/>
  <testcase classname="com.login.LoginScenarios" name="WrongPasswordTest" time="2.842"/>
</testsuite> <!-- Test -->
