<?xml version="1.0" encoding="UTF-8"?>
<testng-results skipped="0" failed="0" ignored="0" total="1" passed="1">
  <reporter-output>
  </reporter-output>
  <suite name="Suite" duration-ms="5265" started-at="2021-09-13T11:24:55 PKT" finished-at="2021-09-13T11:25:00 PKT">
    <groups>
    </groups>
    <test name="Test" duration-ms="5265" started-at="2021-09-13T11:24:55 PKT" finished-at="2021-09-13T11:25:00 PKT">
      <class name="com.login.LoginScenarios">
        <test-method status="PASS" signature="SetUp()[pri:0, instance:com.login.LoginScenarios@614ddd49]" name="SetUp" is-config="true" duration-ms="208" started-at="2021-09-13T11:24:55 PKT" finished-at="2021-09-13T11:24:55 PKT">
          <reporter-output>
          </reporter-output>
        </test-method> <!-- SetUp -->
        <test-method status="PASS" signature="LoginTest()[pri:0, instance:com.login.LoginScenarios@614ddd49]" name="LoginTest" duration-ms="5233" started-at="2021-09-13T11:24:55 PKT" finished-at="2021-09-13T11:25:00 PKT">
          <reporter-output>
          </reporter-output>
        </test-method> <!-- LoginTest -->
        <test-method status="PASS" signature="getResult(org.testng.ITestResult)[pri:0, instance:com.login.LoginScenarios@614ddd49]" name="getResult" is-config="true" duration-ms="9" started-at="2021-09-13T11:25:00 PKT" finished-at="2021-09-13T11:25:00 PKT">
          <params>
            <param index="0">
              <value>
                <![CDATA[[TestResult name=LoginTest status=SUCCESS method=LoginScenarios.LoginTest()[pri:0, instance:com.login.LoginScenarios@614ddd49] output={null}]]]>
              </value>
            </param>
          </params>
          <reporter-output>
          </reporter-output>
        </test-method> <!-- getResult -->
        <test-method status="PASS" signature="tearDown()[pri:0, instance:com.login.LoginScenarios@614ddd49]" name="tearDown" is-config="true" duration-ms="234" started-at="2021-09-13T11:25:00 PKT" finished-at="2021-09-13T11:25:01 PKT">
          <reporter-output>
          </reporter-output>
        </test-method> <!-- tearDown -->
      </class> <!-- com.login.LoginScenarios -->
    </test> <!-- Test -->
  </suite> <!-- Suite -->
</testng-results>
