<?xml version="1.0" encoding="UTF-8"?>
<testng-results ignored="0" total="1" passed="1" failed="0" skipped="0">
  <reporter-output>
  </reporter-output>
  <suite started-at="2021-09-17T12:16:39 PKT" name="Suite" finished-at="2021-09-17T12:16:43 PKT" duration-ms="4004">
    <groups>
    </groups>
    <test started-at="2021-09-17T12:16:39 PKT" name="Test" finished-at="2021-09-17T12:16:43 PKT" duration-ms="4004">
      <class name="com.login.LoginScenarios">
        <test-method is-config="true" signature="SetUp()[pri:0, instance:com.login.LoginScenarios@4278a03f]" started-at="2021-09-17T12:16:38 PKT" name="SetUp" finished-at="2021-09-17T12:16:39 PKT" duration-ms="160" status="PASS">
          <reporter-output>
          </reporter-output>
        </test-method> <!-- SetUp -->
        <test-method signature="LoginTest()[pri:0, instance:com.login.LoginScenarios@4278a03f]" started-at="2021-09-17T12:16:39 PKT" name="LoginTest" finished-at="2021-09-17T12:16:43 PKT" duration-ms="3972" status="PASS">
          <reporter-output>
          </reporter-output>
        </test-method> <!-- LoginTest -->
        <test-method is-config="true" signature="getResult(org.testng.ITestResult)[pri:0, instance:com.login.LoginScenarios@4278a03f]" started-at="2021-09-17T12:16:43 PKT" name="getResult" finished-at="2021-09-17T12:16:43 PKT" duration-ms="10" status="PASS">
          <params>
            <param index="0">
              <value>
                <![CDATA[[TestResult name=LoginTest status=SUCCESS method=LoginScenarios.LoginTest()[pri:0, instance:com.login.LoginScenarios@4278a03f] output={null}]]]>
              </value>
            </param>
          </params>
          <reporter-output>
          </reporter-output>
        </test-method> <!-- getResult -->
        <test-method is-config="true" signature="tearDown()[pri:0, instance:com.login.LoginScenarios@4278a03f]" started-at="2021-09-17T12:16:43 PKT" name="tearDown" finished-at="2021-09-17T12:16:43 PKT" duration-ms="254" status="PASS">
          <reporter-output>
          </reporter-output>
        </test-method> <!-- tearDown -->
      </class> <!-- com.login.LoginScenarios -->
    </test> <!-- Test -->
  </suite> <!-- Suite -->
</testng-results>
