<?xml version="1.0" encoding="UTF-8"?>
<testng-results ignored="0" total="1" passed="1" failed="0" skipped="0">
  <reporter-output>
  </reporter-output>
  <suite started-at="2021-09-10T23:58:25 PKT" name="Default suite" finished-at="2021-09-10T23:58:34 PKT" duration-ms="9263">
    <groups>
    </groups>
    <test started-at="2021-09-10T23:58:25 PKT" name="Default test" finished-at="2021-09-10T23:58:34 PKT" duration-ms="9263">
      <class name="com.login.LoginScenarios">
        <test-method is-config="true" signature="SetUp()[pri:0, instance:com.login.LoginScenarios@c267ef4]" started-at="2021-09-10T23:58:25 PKT" name="SetUp" finished-at="2021-09-10T23:58:25 PKT" duration-ms="253" status="PASS">
          <reporter-output>
          </reporter-output>
        </test-method> <!-- SetUp -->
        <test-method signature="GoogleTest()[pri:0, instance:com.login.LoginScenarios@c267ef4]" started-at="2021-09-10T23:58:25 PKT" name="GoogleTest" finished-at="2021-09-10T23:58:34 PKT" duration-ms="9227" status="PASS">
          <reporter-output>
          </reporter-output>
        </test-method> <!-- GoogleTest -->
        <test-method is-config="true" signature="getResult(org.testng.ITestResult)[pri:0, instance:com.login.LoginScenarios@c267ef4]" started-at="2021-09-10T23:58:34 PKT" name="getResult" finished-at="2021-09-10T23:58:34 PKT" duration-ms="11" status="PASS">
          <params>
            <param index="0">
              <value>
                <![CDATA[[TestResult name=GoogleTest status=SUCCESS method=LoginScenarios.GoogleTest()[pri:0, instance:com.login.LoginScenarios@c267ef4] output={null}]]]>
              </value>
            </param>
          </params>
          <reporter-output>
          </reporter-output>
        </test-method> <!-- getResult -->
        <test-method is-config="true" signature="tearDown()[pri:0, instance:com.login.LoginScenarios@c267ef4]" started-at="2021-09-10T23:58:34 PKT" name="tearDown" finished-at="2021-09-10T23:58:34 PKT" duration-ms="258" status="PASS">
          <reporter-output>
          </reporter-output>
        </test-method> <!-- tearDown -->
      </class> <!-- com.login.LoginScenarios -->
    </test> <!-- Default test -->
  </suite> <!-- Default suite -->
</testng-results>
